<?xml version="1.0" encoding="UTF-8" ?>
<testsuite tests="5" failures="0" name="edu.lehigh.cse216.group17.admin.AppTest" time="1.461" errors="0" skipped="0">
  <properties>
[...]
</properties>
  <testcase classname="edu.lehigh.cse216.group17.admin.AppTest" name="testCreateTables" time="0.883"/>
  <testcase classname="edu.lehigh.cse216.group17.admin.AppTest" name="testFailGetPost" time="0.165"/>
  <testcase classname="edu.lehigh.cse216.group17.admin.AppTest" name="testSelectAll" time="0.131"/>
  <testcase classname="edu.lehigh.cse216.group17.admin.AppTest" name="testDeletePost" time="0.166"/>
  <testcase classname="edu.lehigh.cse216.group17.admin.AppTest" name="testDeleteUser" time="0.116"/>
</testsuite>